# Dream Log
Initialized: 2026-04-18

---
## 2026-04-18T13:26:23 CDT
session_id: dream-cycle-2026-04-18-132623
working_archived: 0
working_deleted: 0
episodic_scanned: 0
score_updates: 0
clusters_found: 0
semantic_created: 0
semantic_updated: 0
promoted_entries: 0
entries_compressed: 0
digests_updated: 0
errors: 0
notes: "First run on initialized system. No working memory files, no episodic entries, no compression candidates. Memory directories exist but are empty (README.md only). Error log analysis detected 6 recurring patterns (routing-error x15, tool-misuse x11, data-accuracy x11, wrong-assumption x10, process-skip x8, format-violation x5) across 28 days — all written to LESSONS.md as new entries."
summary: "Clean first run. No episodic or working memory to process. Wrote 6 pattern entries to LESSONS.md from error log analysis (60+ errors across 28 days, dominated by chronic routing bypass and tool misuse)."
---

---
## 2026-04-19T03:08:59 CDT
session_id: dream-cycle-2026-04-19-030859
working_archived: 1
working_deleted: 0
episodic_scanned: 1
score_updates: 1
clusters_found: 0
semantic_created: 0
semantic_updated: 0
promoted_entries: 0
entries_compressed: 0
digests_updated: 0
compression_skipped: true
errors: 0
summary: "Archived dream-summary-2026-04-18 from working to episodic (expired today). Single episodic entry scored at 0 (no cross-references possible with only one entry). No promotion candidates, no compression candidates (<5). Error log scan found no new categories hitting 3+ threshold beyond the 6 already in LESSONS.md. Clean run."
---

---
## 2026-04-22T03:08:48 CDT
session_id: dream-cycle-2026-04-22-030848
working_archived: 0
working_deleted: 0
episodic_scanned: 1
score_updates: 1
clusters_found: 0
semantic_created: 0
semantic_updated: 0
promoted_entries: 0
entries_compressed: 0
digests_updated: 0
compression_skipped: true
errors: 1
summary: "7 working memory files present, none expired yet (5 expire later today, 2 in future days). Single episodic entry re-scored at 0 (still only one entry — no cross-references possible). No promotion candidates. No compression candidates (<5). Error log scan: process-skip at 5 and routing-error at 3 both already covered in LESSONS.md. Git index.lock prevented pull/commit — noted as non-blocking error."
errors_detail:
  - phase: 0
    file: .git/index.lock
    error: "Git index.lock file exists and cannot be removed (Operation not permitted). Pull --rebase and commit operations blocked. Dream cycle ran read/write on memory files successfully but could not sync with origin."
---

---
## 2026-04-22T06:18:39 CDT
session_id: dream-cycle-2026-04-22-061839
aborted: already ran today (previous run: 2026-04-22T03:08:48 CDT)
summary: "Aborted — dream cycle already ran today at 03:08. Previous run had git errors but memory processing completed. No duplicate processing needed."
---

---
## 2026-04-23T03:08:32 CDT
session_id: dream-cycle-2026-04-23-030832
working_archived: 5
working_deleted: 0
episodic_scanned: 6
score_updates: 5
clusters_found: 0
semantic_created: 0
semantic_updated: 0
promoted_entries: 0
entries_compressed: 0
digests_updated: 0
compression_skipped: true
errors: 1
summary: "Archived 5 expired working memory entries (all Apr 20 sessions) to episodic — Rock 4 pipeline, morning briefing, Cowboys Club prep, afternoon boot, scorecard/goals session. Could not delete source files (Operation not permitted) — marked as archived in frontmatter instead. 6 episodic entries scored: 4 at score 1 (pipeline↔scorecard share 3 tags; morning↔afternoon share 3 tags), 1 unchanged at 0, 1 new at 0. No promotion candidates (max score 1, threshold 3). No compression candidates (all entries < 30 days old). Error log: process-skip at 5 already in LESSONS.md. Git index.lock still irremovable — pull/commit blocked again."
errors_detail:
  - phase: 0
    file: .git/index.lock
    error: "Git index.lock file exists and cannot be removed (Operation not permitted). Pull --rebase failed. File deletion (rm) also blocked. Dream cycle completed all memory operations but cannot sync with origin."
  - phase: 1
    file: memory/working/2026-04-20-*.md
    error: "Cannot delete expired working memory files (Operation not permitted). Files marked as archived in frontmatter as fallback."
---

---
## 2026-04-24T03:08:35 CDT
session_id: dream-cycle-2026-04-24-030835
working_archived: 6
working_deleted: 0
episodic_scanned: 12
score_updates: 10
clusters_found: 1
semantic_created: 1
semantic_updated: 0
promoted_entries: 2
entries_compressed: 0
digests_updated: 0
compression_skipped: true
errors: 1
summary: "Archived 6 expired working memory entries (3 Apr-21 sessions + 1 Apr-22 briefing + 2 dream summaries) to episodic. 12 episodic entries scored — 2 hit promotion threshold (score 3): Apr 20 and Apr 21 morning briefings share calendar/travel/omnifocus/google-next tags. First semantic entry created: operational pattern on briefing-travel-calendar conflicts (travel prep flagged but not actioned, OmniFocus unreliable in automated mode). No compression candidates (all entries < 90 days). Git stash/pull blocked by unstaged changes — cannot sync with origin."
errors_detail:
  - phase: 0
    file: .git
    error: "Git pull --rebase failed due to unstaged changes. Stash also failed. Dream cycle completed all memory operations but cannot sync with origin."
  - phase: 1
    file: memory/working/2026-04-21-*.md
    error: "Cannot delete expired working memory files (Operation not permitted). Files marked as archived in frontmatter as fallback."
---

---
## 2026-04-25T10:21:22 CDT
session_id: dream-cycle-2026-04-25-102122
working_archived: 3
working_deleted: 0
episodic_scanned: 15
score_updates: 10
clusters_found: 1
semantic_created: 0
semantic_updated: 1
promoted_entries: 4
entries_compressed: 0
digests_updated: 0
compression_skipped: true
errors: 1
summary: "Archived 3 expired working memory entries (2 Apr-23 briefings + dream summary) to episodic. 15 episodic entries scored — 4 new promotions (Apr 20 afternoon boot, Apr 22 Google Next briefing, 2x Apr 23 briefings) all merged into existing semantic pattern on briefing-travel-calendar conflicts. Confidence upgraded low → medium with 6 total evidence sources. No new error patterns. Git pull blocked (SSH unavailable in sandbox)."
errors_detail:
  - phase: 0
    file: .git
    error: "Git pull --rebase failed: SSH host key verification failed. Remote sync unavailable in sandbox environment."
---

---
## 2026-04-26T03:08:49 CDT
session_id: dream-cycle-2026-04-26-030849
working_archived: 1
working_deleted: 0
episodic_scanned: 16
score_updates: 2
clusters_found: 1
semantic_created: 1
semantic_updated: 0
promoted_entries: 1
entries_compressed: 0
digests_updated: 0
compression_skipped: true
errors: 1
summary: "Archived 1 expired working memory entry (dream-summary-2026-04-25) to episodic. 16 episodic entries scored — Apr-24 dream cycle summary hit promotion threshold (score 2→3) via cross-references with other dream-cycle/system-maintenance entries. New semantic entry created: operational/dream-cycle-system-maturation-pattern.md documenting the IES memory pipeline's operational trajectory and git sync fragility. 2 new error patterns added to LESSONS.md: missed-context (5 occurrences) and misidentification (3 occurrences). Git pull blocked by SSH — sandbox limitation."
errors_detail:
  - phase: 0
    file: .git
    error: "Git pull --rebase failed: SSH host key verification failed. Remote sync unavailable in sandbox environment."
---

---
## 2026-04-27T03:08:40 CDT
session_id: dream-cycle-2026-04-27-030840
working_archived: 1
working_deleted: 0
episodic_scanned: 17
score_updates: 17
clusters_found: 1
semantic_created: 0
semantic_updated: 1
promoted_entries: 1
entries_compressed: 0
digests_updated: 0
compression_skipped: true
errors: 1
summary: "Archived 1 working memory entry (Apr 24 morning briefing) to episodic. 17 episodic entries scored — Apr 24 morning briefing hit score 6 and promoted into existing briefing-travel-calendar-pattern semantic entry, upgrading confidence from medium to high (7 evidence sources). New implications added: OmniFocus failure is systemic across 4 consecutive travel days, Alice meeting conflict detected but not resolved, lead tracker infrastructure gap. No new error patterns beyond those already in LESSONS.md. Git index.lock and SSH blocks persist."
errors_detail:
  - phase: 0
    file: .git
    error: "Git pull --rebase failed: uncommitted changes from prior runs + index.lock irremovable (Operation not permitted). Dream cycle completed all memory operations but cannot sync with origin."
---

---
## 2026-04-30T08:08:39 UTC
session_id: dream-cycle-2026-04-28-080839
working_archived: 4
working_deleted: 0
episodic_scanned: 21
score_updates: 13
clusters_found: 2
semantic_created: 0
semantic_updated: 2
promoted_entries: 7
entries_compressed: 0
digests_updated: 0
compression_skipped: true
errors: 1
summary: "Archived 4 expired working memory entries (Apr 27 briefing, Apr 28 briefing, 2 dream summaries). 21 episodic entries scored with 13 score updates. Two promotion clusters: 5 dream-cycle summaries merged into existing system-maturation-pattern (confidence low→medium, 6 evidence sources); 2 GLC Chicago briefings merged into existing briefing-travel-calendar-pattern (9 evidence sources, still high confidence). Travel-mode gap confirmed across two consecutive trips. Git pull blocked by uncommitted changes."
errors_detail:
  - phase: 0
    file: .git
    error: "Git pull --rebase not attempted due to extensive uncommitted changes from prior sessions. Dream cycle completed all memory operations but cannot sync with origin."
---

---
## 2026-04-30T21:52:30 CDT
session_id: dream-cycle-2026-04-30-215230
aborted: already ran today (previous run: 2026-04-30T08:08:39 UTC / 2026-04-30T03:08:39 CDT)
summary: "Aborted -- dream cycle already ran today at 03:08 CDT. No duplicate processing needed."
---

---
## 2026-05-01T03:09:21 CDT
session_id: dream-cycle-2026-05-01-030921
working_archived: 3
working_deleted: 0
episodic_scanned: 24
score_updates: 17
clusters_found: 2
semantic_created: 0
semantic_updated: 2
promoted_entries: 3
entries_compressed: 0
digests_updated: 0
compression_skipped: true
errors: 1
summary: "Archived 3 working memory entries (Apr 26 GLC travel briefing, Apr 29 GLC day 4 briefing, Apr 28 dream summary). 24 episodic entries scored with 17 updates — score inflation continues as tag density grows (12 entries now at score 9-10). Two promotion clusters: Apr 26+29 GLC briefings merged into briefing-travel-calendar-pattern (now 11 evidence sources, still high confidence, 3 new implications added including compliance deadline escalation gap and meeting prep gap); Apr 30 dream summary merged into dream-cycle-system-maturation-pattern (7 evidence sources, still medium confidence, noted score inflation concern). No new error patterns beyond existing LESSONS.md coverage. No compression candidates (all entries < 90 days). Git pull blocked by uncommitted changes."
errors_detail:
  - phase: 0
    file: .git
    error: "Git pull --rebase failed: unstaged changes from prior sessions. index.lock irremovable. Dream cycle completed all memory operations but cannot sync with origin."
---
